INFO - 2024-05-11 03:18:02 --> Session: Class initialized using 'CodeIgniter\Session\Handlers\FileHandler' driver.
CRITICAL - 2024-05-11 03:18:03 --> Error: Call to undefined function validation_list_errors()
[Method: GET, Route: clientes/cadastrar]
in APPPATH\Views\clientes\create.php on line 2.
 1 SYSTEMPATH\View\View.php(234): include()
 2 SYSTEMPATH\View\View.php(237): CodeIgniter\View\View->CodeIgniter\View\{closure}()
 3 SYSTEMPATH\Common.php(1171): CodeIgniter\View\View->render('clientes/create', [], true)
 4 APPPATH\Controllers\Clientes.php(25): view('clientes/create')
 5 SYSTEMPATH\CodeIgniter.php(933): App\Controllers\Clientes->novoCliente()
 6 SYSTEMPATH\CodeIgniter.php(509): CodeIgniter\CodeIgniter->runController(Object(App\Controllers\Clientes))
 7 SYSTEMPATH\CodeIgniter.php(355): CodeIgniter\CodeIgniter->handleRequest(null, Object(Config\Cache), false)
 8 SYSTEMPATH\Boot.php(312): CodeIgniter\CodeIgniter->run()
 9 SYSTEMPATH\Boot.php(67): CodeIgniter\Boot::runCodeIgniter(Object(CodeIgniter\CodeIgniter))
10 FCPATH\index.php(56): CodeIgniter\Boot::bootWeb(Object(Config\Paths))
11 SYSTEMPATH\Commands\Server\rewrite.php(49): require_once('C:\\ci\\public\\index.php')
INFO - 2024-05-11 03:19:39 --> Session: Class initialized using 'CodeIgniter\Session\Handlers\FileHandler' driver.
CRITICAL - 2024-05-11 03:19:41 --> Error: Call to undefined function set_value()
[Method: GET, Route: clientes/cadastrar]
in APPPATH\Views\clientes\create.php on line 8.
 1 SYSTEMPATH\View\View.php(234): include()
 2 SYSTEMPATH\View\View.php(237): CodeIgniter\View\View->CodeIgniter\View\{closure}()
 3 SYSTEMPATH\Common.php(1171): CodeIgniter\View\View->render('clientes/create', [], true)
 4 APPPATH\Controllers\Clientes.php(25): view('clientes/create')
 5 SYSTEMPATH\CodeIgniter.php(933): App\Controllers\Clientes->novoCliente()
 6 SYSTEMPATH\CodeIgniter.php(509): CodeIgniter\CodeIgniter->runController(Object(App\Controllers\Clientes))
 7 SYSTEMPATH\CodeIgniter.php(355): CodeIgniter\CodeIgniter->handleRequest(null, Object(Config\Cache), false)
 8 SYSTEMPATH\Boot.php(312): CodeIgniter\CodeIgniter->run()
 9 SYSTEMPATH\Boot.php(67): CodeIgniter\Boot::runCodeIgniter(Object(CodeIgniter\CodeIgniter))
10 FCPATH\index.php(56): CodeIgniter\Boot::bootWeb(Object(Config\Paths))
11 SYSTEMPATH\Commands\Server\rewrite.php(49): require_once('C:\\ci\\public\\index.php')
INFO - 2024-05-11 03:22:52 --> Session: Class initialized using 'CodeIgniter\Session\Handlers\FileHandler' driver.
INFO - 2024-05-11 03:23:33 --> Session: Class initialized using 'CodeIgniter\Session\Handlers\FileHandler' driver.
CRITICAL - 2024-05-11 03:31:11 --> ErrorException: New expressions are not supported in this context
[Method: GET, Route: clientes/]
in APPPATH\Controllers\Clientes.php on line 12.
 1 [internal function]: CodeIgniter\Debug\Exceptions->shutdownHandler()
CRITICAL - 2024-05-11 03:31:29 --> ErrorException: New expressions are not supported in this context
[Method: GET, Route: clientes/]
in APPPATH\Controllers\Clientes.php on line 12.
 1 [internal function]: CodeIgniter\Debug\Exceptions->shutdownHandler()
CRITICAL - 2024-05-11 03:31:42 --> ErrorException: New expressions are not supported in this context
[Method: GET, Route: clientes/]
in APPPATH\Controllers\Clientes.php on line 12.
 1 [internal function]: CodeIgniter\Debug\Exceptions->shutdownHandler()
CRITICAL - 2024-05-11 03:33:16 --> ErrorException: New expressions are not supported in this context
[Method: GET, Route: clientes/]
in APPPATH\Controllers\Clientes.php on line 12.
 1 [internal function]: CodeIgniter\Debug\Exceptions->shutdownHandler()
CRITICAL - 2024-05-11 03:38:11 --> ArgumentCountError: Too few arguments to function App\Controllers\Clientes::listarClientes(), 0 passed in C:\ci\system\CodeIgniter.php on line 933 and exactly 1 expected
[Method: GET, Route: clientes/]
in APPPATH\Controllers\Clientes.php on line 14.
 1 SYSTEMPATH\CodeIgniter.php(933): App\Controllers\Clientes->listarClientes()
 2 SYSTEMPATH\CodeIgniter.php(509): CodeIgniter\CodeIgniter->runController(Object(App\Controllers\Clientes))
 3 SYSTEMPATH\CodeIgniter.php(355): CodeIgniter\CodeIgniter->handleRequest(null, Object(Config\Cache), false)
 4 SYSTEMPATH\Boot.php(312): CodeIgniter\CodeIgniter->run()
 5 SYSTEMPATH\Boot.php(67): CodeIgniter\Boot::runCodeIgniter(Object(CodeIgniter\CodeIgniter))
 6 FCPATH\index.php(56): CodeIgniter\Boot::bootWeb(Object(Config\Paths))
 7 SYSTEMPATH\Commands\Server\rewrite.php(49): require_once('C:\\ci\\public\\index.php')
INFO - 2024-05-11 03:40:06 --> Session: Class initialized using 'CodeIgniter\Session\Handlers\FileHandler' driver.
INFO - 2024-05-11 03:54:16 --> Session: Class initialized using 'CodeIgniter\Session\Handlers\FileHandler' driver.
INFO - 2024-05-11 03:55:37 --> Session: Class initialized using 'CodeIgniter\Session\Handlers\FileHandler' driver.
INFO - 2024-05-11 04:04:49 --> Session: Class initialized using 'CodeIgniter\Session\Handlers\FileHandler' driver.
INFO - 2024-05-11 04:05:00 --> CSRF token verified.
CRITICAL - 2024-05-11 04:05:00 --> ArgumentCountError: Too few arguments to function App\Controllers\Clientes::insereAtualizaCliente(), 0 passed in C:\ci\system\CodeIgniter.php on line 933 and exactly 1 expected
[Method: POST, Route: clientes]
in APPPATH\Controllers\Clientes.php on line 30.
 1 SYSTEMPATH\CodeIgniter.php(933): App\Controllers\Clientes->insereAtualizaCliente()
 2 SYSTEMPATH\CodeIgniter.php(509): CodeIgniter\CodeIgniter->runController(Object(App\Controllers\Clientes))
 3 SYSTEMPATH\CodeIgniter.php(355): CodeIgniter\CodeIgniter->handleRequest(null, Object(Config\Cache), false)
 4 SYSTEMPATH\Boot.php(312): CodeIgniter\CodeIgniter->run()
 5 SYSTEMPATH\Boot.php(67): CodeIgniter\Boot::runCodeIgniter(Object(CodeIgniter\CodeIgniter))
 6 FCPATH\index.php(56): CodeIgniter\Boot::bootWeb(Object(Config\Paths))
 7 SYSTEMPATH\Commands\Server\rewrite.php(49): require_once('C:\\ci\\public\\index.php')
INFO - 2024-05-11 04:10:04 --> Session: Class initialized using 'CodeIgniter\Session\Handlers\FileHandler' driver.
INFO - 2024-05-11 04:10:21 --> CSRF token verified.
CRITICAL - 2024-05-11 04:10:23 --> CodeIgniter\View\Exceptions\ViewException: Invalid file: "Criado sucesso.php"
[Method: POST, Route: clientes]
in SYSTEMPATH\Exceptions\FrameworkException.php on line 41.
 1 SYSTEMPATH\View\View.php(222): CodeIgniter\Exceptions\FrameworkException::forInvalidFile('Criado sucesso.php')
 2 SYSTEMPATH\Common.php(1171): CodeIgniter\View\View->render('Criado sucesso', [], true)
 3 APPPATH\Controllers\Clientes.php(45): view('Criado sucesso')
 4 SYSTEMPATH\CodeIgniter.php(933): App\Controllers\Clientes->insereAtualizaCliente()
 5 SYSTEMPATH\CodeIgniter.php(509): CodeIgniter\CodeIgniter->runController(Object(App\Controllers\Clientes))
 6 SYSTEMPATH\CodeIgniter.php(355): CodeIgniter\CodeIgniter->handleRequest(null, Object(Config\Cache), false)
 7 SYSTEMPATH\Boot.php(312): CodeIgniter\CodeIgniter->run()
 8 SYSTEMPATH\Boot.php(67): CodeIgniter\Boot::runCodeIgniter(Object(CodeIgniter\CodeIgniter))
 9 FCPATH\index.php(56): CodeIgniter\Boot::bootWeb(Object(Config\Paths))
10 SYSTEMPATH\Commands\Server\rewrite.php(49): require_once('C:\\ci\\public\\index.php')
INFO - 2024-05-11 04:11:10 --> Session: Class initialized using 'CodeIgniter\Session\Handlers\FileHandler' driver.
INFO - 2024-05-11 04:11:25 --> CSRF token verified.
INFO - 2024-05-11 04:11:37 --> Session: Class initialized using 'CodeIgniter\Session\Handlers\FileHandler' driver.
INFO - 2024-05-11 04:11:54 --> CSRF token verified.
INFO - 2024-05-11 04:12:16 --> Session: Class initialized using 'CodeIgniter\Session\Handlers\FileHandler' driver.
INFO - 2024-05-11 04:12:46 --> CSRF token verified.
CRITICAL - 2024-05-11 04:34:12 --> ErrorException: Undefined variable $cadastre
[Method: GET, Route: clientes/deletar]
in APPPATH\Views\templates\header.php on line 10.
 1 APPPATH\Views\templates\header.php(10): CodeIgniter\Debug\Exceptions->errorHandler(2, 'Undefined variable $cadastre', 'C:\\ci\\app\\Views\\templates\\header.php', 10)
 2 SYSTEMPATH\View\View.php(234): include('C:\\ci\\app\\Views\\templates\\header.php')
 3 SYSTEMPATH\View\View.php(237): CodeIgniter\View\View->CodeIgniter\View\{closure}()
 4 SYSTEMPATH\Common.php(1171): CodeIgniter\View\View->render('templates/header', [], true)
 5 APPPATH\Controllers\Clientes.php(51): view('templates/header', [...])
 6 SYSTEMPATH\CodeIgniter.php(933): App\Controllers\Clientes->formDeletarCliente()
 7 SYSTEMPATH\CodeIgniter.php(509): CodeIgniter\CodeIgniter->runController(Object(App\Controllers\Clientes))
 8 SYSTEMPATH\CodeIgniter.php(355): CodeIgniter\CodeIgniter->handleRequest(null, Object(Config\Cache), false)
 9 SYSTEMPATH\Boot.php(312): CodeIgniter\CodeIgniter->run()
10 SYSTEMPATH\Boot.php(67): CodeIgniter\Boot::runCodeIgniter(Object(CodeIgniter\CodeIgniter))
11 FCPATH\index.php(56): CodeIgniter\Boot::bootWeb(Object(Config\Paths))
12 SYSTEMPATH\Commands\Server\rewrite.php(49): require_once('C:\\ci\\public\\index.php')
CRITICAL - 2024-05-11 04:36:14 --> ErrorException: Undefined variable $cadastre
[Method: GET, Route: clientes/deletar]
in APPPATH\Views\templates\header.php on line 10.
 1 APPPATH\Views\templates\header.php(10): CodeIgniter\Debug\Exceptions->errorHandler(2, 'Undefined variable $cadastre', 'C:\\ci\\app\\Views\\templates\\header.php', 10)
 2 SYSTEMPATH\View\View.php(234): include('C:\\ci\\app\\Views\\templates\\header.php')
 3 SYSTEMPATH\View\View.php(237): CodeIgniter\View\View->CodeIgniter\View\{closure}()
 4 SYSTEMPATH\Common.php(1171): CodeIgniter\View\View->render('templates/header', [], true)
 5 APPPATH\Controllers\Clientes.php(51): view('templates/header', [...])
 6 SYSTEMPATH\CodeIgniter.php(933): App\Controllers\Clientes->formDeletarCliente()
 7 SYSTEMPATH\CodeIgniter.php(509): CodeIgniter\CodeIgniter->runController(Object(App\Controllers\Clientes))
 8 SYSTEMPATH\CodeIgniter.php(355): CodeIgniter\CodeIgniter->handleRequest(null, Object(Config\Cache), false)
 9 SYSTEMPATH\Boot.php(312): CodeIgniter\CodeIgniter->run()
10 SYSTEMPATH\Boot.php(67): CodeIgniter\Boot::runCodeIgniter(Object(CodeIgniter\CodeIgniter))
11 FCPATH\index.php(56): CodeIgniter\Boot::bootWeb(Object(Config\Paths))
12 SYSTEMPATH\Commands\Server\rewrite.php(49): require_once('C:\\ci\\public\\index.php')
INFO - 2024-05-11 04:36:43 --> Session: Class initialized using 'CodeIgniter\Session\Handlers\FileHandler' driver.
INFO - 2024-05-11 04:36:57 --> CSRF token verified.
ERROR - 2024-05-11 04:36:57 --> mysqli_sql_exception: Column 'nome' cannot be null in C:\ci\system\Database\MySQLi\Connection.php:308
Stack trace:
#0 C:\ci\system\Database\MySQLi\Connection.php(308): mysqli->query('INSERT INTO `cl...', 0)
#1 C:\ci\system\Database\BaseConnection.php(722): CodeIgniter\Database\MySQLi\Connection->execute('INSERT INTO `cl...')
#2 C:\ci\system\Database\BaseConnection.php(636): CodeIgniter\Database\BaseConnection->simpleQuery('INSERT INTO `cl...')
#3 C:\ci\system\Database\BaseBuilder.php(2325): CodeIgniter\Database\BaseConnection->query('INSERT INTO `cl...', Array, false)
#4 C:\ci\system\Model.php(383): CodeIgniter\Database\BaseBuilder->insert()
#5 C:\ci\system\BaseModel.php(840): CodeIgniter\Model->doInsert(Array)
#6 C:\ci\system\Model.php(791): CodeIgniter\BaseModel->insert(Array, false)
#7 C:\ci\system\BaseModel.php(751): CodeIgniter\Model->insert(Array, false)
#8 C:\ci\app\Models\ClientesModel.php(30): CodeIgniter\BaseModel->save(Array)
#9 C:\ci\app\Controllers\Clientes.php(43): App\Models\ClientesModel->insertClientes(Array)
#10 C:\ci\system\CodeIgniter.php(933): App\Controllers\Clientes->insereAtualizaCliente()
#11 C:\ci\system\CodeIgniter.php(509): CodeIgniter\CodeIgniter->runController(Object(App\Controllers\Clientes))
#12 C:\ci\system\CodeIgniter.php(355): CodeIgniter\CodeIgniter->handleRequest(NULL, Object(Config\Cache), false)
#13 C:\ci\system\Boot.php(312): CodeIgniter\CodeIgniter->run()
#14 C:\ci\system\Boot.php(67): CodeIgniter\Boot::runCodeIgniter(Object(CodeIgniter\CodeIgniter))
#15 C:\ci\public\index.php(56): CodeIgniter\Boot::bootWeb(Object(Config\Paths))
#16 C:\ci\system\Commands\Server\rewrite.php(49): require_once('C:\\ci\\public\\in...')
#17 {main}
CRITICAL - 2024-05-11 04:36:57 --> CodeIgniter\Database\Exceptions\DatabaseException: Column 'nome' cannot be null
[Method: POST, Route: clientes]
in SYSTEMPATH\Database\BaseConnection.php on line 676.
 1 SYSTEMPATH\Database\BaseBuilder.php(2325): CodeIgniter\Database\BaseConnection->query('INSERT INTO `clientes` (`nome`, `sobrenome`, `cpf`) VALUES (:nome:, :sobrenome:, :cpf:)', [...], false)
 2 SYSTEMPATH\Model.php(383): CodeIgniter\Database\BaseBuilder->insert()
 3 SYSTEMPATH\BaseModel.php(840): CodeIgniter\Model->doInsert([...])
 4 SYSTEMPATH\Model.php(791): CodeIgniter\BaseModel->insert([...], false)
 5 SYSTEMPATH\BaseModel.php(751): CodeIgniter\Model->insert([...], false)
 6 APPPATH\Models\ClientesModel.php(30): CodeIgniter\BaseModel->save([...])
 7 APPPATH\Controllers\Clientes.php(43): App\Models\ClientesModel->insertClientes([...])
 8 SYSTEMPATH\CodeIgniter.php(933): App\Controllers\Clientes->insereAtualizaCliente()
 9 SYSTEMPATH\CodeIgniter.php(509): CodeIgniter\CodeIgniter->runController(Object(App\Controllers\Clientes))
10 SYSTEMPATH\CodeIgniter.php(355): CodeIgniter\CodeIgniter->handleRequest(null, Object(Config\Cache), false)
11 SYSTEMPATH\Boot.php(312): CodeIgniter\CodeIgniter->run()
12 SYSTEMPATH\Boot.php(67): CodeIgniter\Boot::runCodeIgniter(Object(CodeIgniter\CodeIgniter))
13 FCPATH\index.php(56): CodeIgniter\Boot::bootWeb(Object(Config\Paths))
14 SYSTEMPATH\Commands\Server\rewrite.php(49): require_once('C:\\ci\\public\\index.php')
CRITICAL - 2024-05-11 04:36:57 --> [Caused by] CodeIgniter\Database\Exceptions\DatabaseException: Column 'nome' cannot be null
in SYSTEMPATH\Database\MySQLi\Connection.php on line 313.
 1 SYSTEMPATH\Database\BaseConnection.php(722): CodeIgniter\Database\MySQLi\Connection->execute('INSERT INTO `clientes` (`nome`, `sobrenome`, `cpf`) VALUES (NULL, NULL, \'01234567891\')')
 2 SYSTEMPATH\Database\BaseConnection.php(636): CodeIgniter\Database\BaseConnection->simpleQuery('INSERT INTO `clientes` (`nome`, `sobrenome`, `cpf`) VALUES (NULL, NULL, \'01234567891\')')
 3 SYSTEMPATH\Database\BaseBuilder.php(2325): CodeIgniter\Database\BaseConnection->query('INSERT INTO `clientes` (`nome`, `sobrenome`, `cpf`) VALUES (:nome:, :sobrenome:, :cpf:)', [...], false)
 4 SYSTEMPATH\Model.php(383): CodeIgniter\Database\BaseBuilder->insert()
 5 SYSTEMPATH\BaseModel.php(840): CodeIgniter\Model->doInsert([...])
 6 SYSTEMPATH\Model.php(791): CodeIgniter\BaseModel->insert([...], false)
 7 SYSTEMPATH\BaseModel.php(751): CodeIgniter\Model->insert([...], false)
 8 APPPATH\Models\ClientesModel.php(30): CodeIgniter\BaseModel->save([...])
 9 APPPATH\Controllers\Clientes.php(43): App\Models\ClientesModel->insertClientes([...])
10 SYSTEMPATH\CodeIgniter.php(933): App\Controllers\Clientes->insereAtualizaCliente()
11 SYSTEMPATH\CodeIgniter.php(509): CodeIgniter\CodeIgniter->runController(Object(App\Controllers\Clientes))
12 SYSTEMPATH\CodeIgniter.php(355): CodeIgniter\CodeIgniter->handleRequest(null, Object(Config\Cache), false)
13 SYSTEMPATH\Boot.php(312): CodeIgniter\CodeIgniter->run()
14 SYSTEMPATH\Boot.php(67): CodeIgniter\Boot::runCodeIgniter(Object(CodeIgniter\CodeIgniter))
15 FCPATH\index.php(56): CodeIgniter\Boot::bootWeb(Object(Config\Paths))
16 SYSTEMPATH\Commands\Server\rewrite.php(49): require_once('C:\\ci\\public\\index.php')
CRITICAL - 2024-05-11 04:36:57 --> [Caused by] mysqli_sql_exception: Column 'nome' cannot be null
in SYSTEMPATH\Database\MySQLi\Connection.php on line 308.
 1 SYSTEMPATH\Database\MySQLi\Connection.php(308): mysqli->query('INSERT INTO `clientes` (`nome`, `sobrenome`, `cpf`) VALUES (NULL, NULL, \'01234567891\')', 0)
 2 SYSTEMPATH\Database\BaseConnection.php(722): CodeIgniter\Database\MySQLi\Connection->execute('INSERT INTO `clientes` (`nome`, `sobrenome`, `cpf`) VALUES (NULL, NULL, \'01234567891\')')
 3 SYSTEMPATH\Database\BaseConnection.php(636): CodeIgniter\Database\BaseConnection->simpleQuery('INSERT INTO `clientes` (`nome`, `sobrenome`, `cpf`) VALUES (NULL, NULL, \'01234567891\')')
 4 SYSTEMPATH\Database\BaseBuilder.php(2325): CodeIgniter\Database\BaseConnection->query('INSERT INTO `clientes` (`nome`, `sobrenome`, `cpf`) VALUES (:nome:, :sobrenome:, :cpf:)', [...], false)
 5 SYSTEMPATH\Model.php(383): CodeIgniter\Database\BaseBuilder->insert()
 6 SYSTEMPATH\BaseModel.php(840): CodeIgniter\Model->doInsert([...])
 7 SYSTEMPATH\Model.php(791): CodeIgniter\BaseModel->insert([...], false)
 8 SYSTEMPATH\BaseModel.php(751): CodeIgniter\Model->insert([...], false)
 9 APPPATH\Models\ClientesModel.php(30): CodeIgniter\BaseModel->save([...])
10 APPPATH\Controllers\Clientes.php(43): App\Models\ClientesModel->insertClientes([...])
11 SYSTEMPATH\CodeIgniter.php(933): App\Controllers\Clientes->insereAtualizaCliente()
12 SYSTEMPATH\CodeIgniter.php(509): CodeIgniter\CodeIgniter->runController(Object(App\Controllers\Clientes))
13 SYSTEMPATH\CodeIgniter.php(355): CodeIgniter\CodeIgniter->handleRequest(null, Object(Config\Cache), false)
14 SYSTEMPATH\Boot.php(312): CodeIgniter\CodeIgniter->run()
15 SYSTEMPATH\Boot.php(67): CodeIgniter\Boot::runCodeIgniter(Object(CodeIgniter\CodeIgniter))
16 FCPATH\index.php(56): CodeIgniter\Boot::bootWeb(Object(Config\Paths))
17 SYSTEMPATH\Commands\Server\rewrite.php(49): require_once('C:\\ci\\public\\index.php')
INFO - 2024-05-11 04:38:35 --> Session: Class initialized using 'CodeIgniter\Session\Handlers\FileHandler' driver.
INFO - 2024-05-11 04:38:41 --> CSRF token verified.
ERROR - 2024-05-11 04:38:41 --> mysqli_sql_exception: Column 'nome' cannot be null in C:\ci\system\Database\MySQLi\Connection.php:308
Stack trace:
#0 C:\ci\system\Database\MySQLi\Connection.php(308): mysqli->query('INSERT INTO `cl...', 0)
#1 C:\ci\system\Database\BaseConnection.php(722): CodeIgniter\Database\MySQLi\Connection->execute('INSERT INTO `cl...')
#2 C:\ci\system\Database\BaseConnection.php(636): CodeIgniter\Database\BaseConnection->simpleQuery('INSERT INTO `cl...')
#3 C:\ci\system\Database\BaseBuilder.php(2325): CodeIgniter\Database\BaseConnection->query('INSERT INTO `cl...', Array, false)
#4 C:\ci\system\Model.php(383): CodeIgniter\Database\BaseBuilder->insert()
#5 C:\ci\system\BaseModel.php(840): CodeIgniter\Model->doInsert(Array)
#6 C:\ci\system\Model.php(791): CodeIgniter\BaseModel->insert(Array, false)
#7 C:\ci\system\BaseModel.php(751): CodeIgniter\Model->insert(Array, false)
#8 C:\ci\app\Models\ClientesModel.php(29): CodeIgniter\BaseModel->save(Array)
#9 C:\ci\app\Controllers\Clientes.php(43): App\Models\ClientesModel->insertClientes(Array)
#10 C:\ci\system\CodeIgniter.php(933): App\Controllers\Clientes->insereAtualizaCliente()
#11 C:\ci\system\CodeIgniter.php(509): CodeIgniter\CodeIgniter->runController(Object(App\Controllers\Clientes))
#12 C:\ci\system\CodeIgniter.php(355): CodeIgniter\CodeIgniter->handleRequest(NULL, Object(Config\Cache), false)
#13 C:\ci\system\Boot.php(312): CodeIgniter\CodeIgniter->run()
#14 C:\ci\system\Boot.php(67): CodeIgniter\Boot::runCodeIgniter(Object(CodeIgniter\CodeIgniter))
#15 C:\ci\public\index.php(56): CodeIgniter\Boot::bootWeb(Object(Config\Paths))
#16 C:\ci\system\Commands\Server\rewrite.php(49): require_once('C:\\ci\\public\\in...')
#17 {main}
CRITICAL - 2024-05-11 04:38:41 --> CodeIgniter\Database\Exceptions\DatabaseException: Column 'nome' cannot be null
[Method: POST, Route: clientes]
in SYSTEMPATH\Database\BaseConnection.php on line 676.
 1 SYSTEMPATH\Database\BaseBuilder.php(2325): CodeIgniter\Database\BaseConnection->query('INSERT INTO `clientes` (`nome`, `sobrenome`, `cpf`) VALUES (:nome:, :sobrenome:, :cpf:)', [...], false)
 2 SYSTEMPATH\Model.php(383): CodeIgniter\Database\BaseBuilder->insert()
 3 SYSTEMPATH\BaseModel.php(840): CodeIgniter\Model->doInsert([...])
 4 SYSTEMPATH\Model.php(791): CodeIgniter\BaseModel->insert([...], false)
 5 SYSTEMPATH\BaseModel.php(751): CodeIgniter\Model->insert([...], false)
 6 APPPATH\Models\ClientesModel.php(29): CodeIgniter\BaseModel->save([...])
 7 APPPATH\Controllers\Clientes.php(43): App\Models\ClientesModel->insertClientes([...])
 8 SYSTEMPATH\CodeIgniter.php(933): App\Controllers\Clientes->insereAtualizaCliente()
 9 SYSTEMPATH\CodeIgniter.php(509): CodeIgniter\CodeIgniter->runController(Object(App\Controllers\Clientes))
10 SYSTEMPATH\CodeIgniter.php(355): CodeIgniter\CodeIgniter->handleRequest(null, Object(Config\Cache), false)
11 SYSTEMPATH\Boot.php(312): CodeIgniter\CodeIgniter->run()
12 SYSTEMPATH\Boot.php(67): CodeIgniter\Boot::runCodeIgniter(Object(CodeIgniter\CodeIgniter))
13 FCPATH\index.php(56): CodeIgniter\Boot::bootWeb(Object(Config\Paths))
14 SYSTEMPATH\Commands\Server\rewrite.php(49): require_once('C:\\ci\\public\\index.php')
CRITICAL - 2024-05-11 04:38:41 --> [Caused by] CodeIgniter\Database\Exceptions\DatabaseException: Column 'nome' cannot be null
in SYSTEMPATH\Database\MySQLi\Connection.php on line 313.
 1 SYSTEMPATH\Database\BaseConnection.php(722): CodeIgniter\Database\MySQLi\Connection->execute('INSERT INTO `clientes` (`nome`, `sobrenome`, `cpf`) VALUES (NULL, NULL, \'01234567891\')')
 2 SYSTEMPATH\Database\BaseConnection.php(636): CodeIgniter\Database\BaseConnection->simpleQuery('INSERT INTO `clientes` (`nome`, `sobrenome`, `cpf`) VALUES (NULL, NULL, \'01234567891\')')
 3 SYSTEMPATH\Database\BaseBuilder.php(2325): CodeIgniter\Database\BaseConnection->query('INSERT INTO `clientes` (`nome`, `sobrenome`, `cpf`) VALUES (:nome:, :sobrenome:, :cpf:)', [...], false)
 4 SYSTEMPATH\Model.php(383): CodeIgniter\Database\BaseBuilder->insert()
 5 SYSTEMPATH\BaseModel.php(840): CodeIgniter\Model->doInsert([...])
 6 SYSTEMPATH\Model.php(791): CodeIgniter\BaseModel->insert([...], false)
 7 SYSTEMPATH\BaseModel.php(751): CodeIgniter\Model->insert([...], false)
 8 APPPATH\Models\ClientesModel.php(29): CodeIgniter\BaseModel->save([...])
 9 APPPATH\Controllers\Clientes.php(43): App\Models\ClientesModel->insertClientes([...])
10 SYSTEMPATH\CodeIgniter.php(933): App\Controllers\Clientes->insereAtualizaCliente()
11 SYSTEMPATH\CodeIgniter.php(509): CodeIgniter\CodeIgniter->runController(Object(App\Controllers\Clientes))
12 SYSTEMPATH\CodeIgniter.php(355): CodeIgniter\CodeIgniter->handleRequest(null, Object(Config\Cache), false)
13 SYSTEMPATH\Boot.php(312): CodeIgniter\CodeIgniter->run()
14 SYSTEMPATH\Boot.php(67): CodeIgniter\Boot::runCodeIgniter(Object(CodeIgniter\CodeIgniter))
15 FCPATH\index.php(56): CodeIgniter\Boot::bootWeb(Object(Config\Paths))
16 SYSTEMPATH\Commands\Server\rewrite.php(49): require_once('C:\\ci\\public\\index.php')
CRITICAL - 2024-05-11 04:38:41 --> [Caused by] mysqli_sql_exception: Column 'nome' cannot be null
in SYSTEMPATH\Database\MySQLi\Connection.php on line 308.
 1 SYSTEMPATH\Database\MySQLi\Connection.php(308): mysqli->query('INSERT INTO `clientes` (`nome`, `sobrenome`, `cpf`) VALUES (NULL, NULL, \'01234567891\')', 0)
 2 SYSTEMPATH\Database\BaseConnection.php(722): CodeIgniter\Database\MySQLi\Connection->execute('INSERT INTO `clientes` (`nome`, `sobrenome`, `cpf`) VALUES (NULL, NULL, \'01234567891\')')
 3 SYSTEMPATH\Database\BaseConnection.php(636): CodeIgniter\Database\BaseConnection->simpleQuery('INSERT INTO `clientes` (`nome`, `sobrenome`, `cpf`) VALUES (NULL, NULL, \'01234567891\')')
 4 SYSTEMPATH\Database\BaseBuilder.php(2325): CodeIgniter\Database\BaseConnection->query('INSERT INTO `clientes` (`nome`, `sobrenome`, `cpf`) VALUES (:nome:, :sobrenome:, :cpf:)', [...], false)
 5 SYSTEMPATH\Model.php(383): CodeIgniter\Database\BaseBuilder->insert()
 6 SYSTEMPATH\BaseModel.php(840): CodeIgniter\Model->doInsert([...])
 7 SYSTEMPATH\Model.php(791): CodeIgniter\BaseModel->insert([...], false)
 8 SYSTEMPATH\BaseModel.php(751): CodeIgniter\Model->insert([...], false)
 9 APPPATH\Models\ClientesModel.php(29): CodeIgniter\BaseModel->save([...])
10 APPPATH\Controllers\Clientes.php(43): App\Models\ClientesModel->insertClientes([...])
11 SYSTEMPATH\CodeIgniter.php(933): App\Controllers\Clientes->insereAtualizaCliente()
12 SYSTEMPATH\CodeIgniter.php(509): CodeIgniter\CodeIgniter->runController(Object(App\Controllers\Clientes))
13 SYSTEMPATH\CodeIgniter.php(355): CodeIgniter\CodeIgniter->handleRequest(null, Object(Config\Cache), false)
14 SYSTEMPATH\Boot.php(312): CodeIgniter\CodeIgniter->run()
15 SYSTEMPATH\Boot.php(67): CodeIgniter\Boot::runCodeIgniter(Object(CodeIgniter\CodeIgniter))
16 FCPATH\index.php(56): CodeIgniter\Boot::bootWeb(Object(Config\Paths))
17 SYSTEMPATH\Commands\Server\rewrite.php(49): require_once('C:\\ci\\public\\index.php')
INFO - 2024-05-11 04:39:23 --> Session: Class initialized using 'CodeIgniter\Session\Handlers\FileHandler' driver.
INFO - 2024-05-11 04:39:27 --> CSRF token verified.
ERROR - 2024-05-11 04:39:27 --> mysqli_sql_exception: Column 'nome' cannot be null in C:\ci\system\Database\MySQLi\Connection.php:308
Stack trace:
#0 C:\ci\system\Database\MySQLi\Connection.php(308): mysqli->query('INSERT INTO `cl...', 0)
#1 C:\ci\system\Database\BaseConnection.php(722): CodeIgniter\Database\MySQLi\Connection->execute('INSERT INTO `cl...')
#2 C:\ci\system\Database\BaseConnection.php(636): CodeIgniter\Database\BaseConnection->simpleQuery('INSERT INTO `cl...')
#3 C:\ci\system\Database\BaseBuilder.php(2325): CodeIgniter\Database\BaseConnection->query('INSERT INTO `cl...', Array, false)
#4 C:\ci\system\Model.php(383): CodeIgniter\Database\BaseBuilder->insert()
#5 C:\ci\system\BaseModel.php(840): CodeIgniter\Model->doInsert(Array)
#6 C:\ci\system\Model.php(791): CodeIgniter\BaseModel->insert(Array, false)
#7 C:\ci\system\BaseModel.php(751): CodeIgniter\Model->insert(Array, false)
#8 C:\ci\app\Models\ClientesModel.php(29): CodeIgniter\BaseModel->save(Array)
#9 C:\ci\app\Controllers\Clientes.php(43): App\Models\ClientesModel->insertClientes(Array)
#10 C:\ci\system\CodeIgniter.php(933): App\Controllers\Clientes->insereAtualizaCliente()
#11 C:\ci\system\CodeIgniter.php(509): CodeIgniter\CodeIgniter->runController(Object(App\Controllers\Clientes))
#12 C:\ci\system\CodeIgniter.php(355): CodeIgniter\CodeIgniter->handleRequest(NULL, Object(Config\Cache), false)
#13 C:\ci\system\Boot.php(312): CodeIgniter\CodeIgniter->run()
#14 C:\ci\system\Boot.php(67): CodeIgniter\Boot::runCodeIgniter(Object(CodeIgniter\CodeIgniter))
#15 C:\ci\public\index.php(56): CodeIgniter\Boot::bootWeb(Object(Config\Paths))
#16 C:\ci\system\Commands\Server\rewrite.php(49): require_once('C:\\ci\\public\\in...')
#17 {main}
CRITICAL - 2024-05-11 04:39:27 --> CodeIgniter\Database\Exceptions\DatabaseException: Column 'nome' cannot be null
[Method: POST, Route: clientes]
in SYSTEMPATH\Database\BaseConnection.php on line 676.
 1 SYSTEMPATH\Database\BaseBuilder.php(2325): CodeIgniter\Database\BaseConnection->query('INSERT INTO `clientes` (`nome`, `sobrenome`, `cpf`) VALUES (:nome:, :sobrenome:, :cpf:)', [...], false)
 2 SYSTEMPATH\Model.php(383): CodeIgniter\Database\BaseBuilder->insert()
 3 SYSTEMPATH\BaseModel.php(840): CodeIgniter\Model->doInsert([...])
 4 SYSTEMPATH\Model.php(791): CodeIgniter\BaseModel->insert([...], false)
 5 SYSTEMPATH\BaseModel.php(751): CodeIgniter\Model->insert([...], false)
 6 APPPATH\Models\ClientesModel.php(29): CodeIgniter\BaseModel->save([...])
 7 APPPATH\Controllers\Clientes.php(43): App\Models\ClientesModel->insertClientes([...])
 8 SYSTEMPATH\CodeIgniter.php(933): App\Controllers\Clientes->insereAtualizaCliente()
 9 SYSTEMPATH\CodeIgniter.php(509): CodeIgniter\CodeIgniter->runController(Object(App\Controllers\Clientes))
10 SYSTEMPATH\CodeIgniter.php(355): CodeIgniter\CodeIgniter->handleRequest(null, Object(Config\Cache), false)
11 SYSTEMPATH\Boot.php(312): CodeIgniter\CodeIgniter->run()
12 SYSTEMPATH\Boot.php(67): CodeIgniter\Boot::runCodeIgniter(Object(CodeIgniter\CodeIgniter))
13 FCPATH\index.php(56): CodeIgniter\Boot::bootWeb(Object(Config\Paths))
14 SYSTEMPATH\Commands\Server\rewrite.php(49): require_once('C:\\ci\\public\\index.php')
CRITICAL - 2024-05-11 04:39:27 --> [Caused by] CodeIgniter\Database\Exceptions\DatabaseException: Column 'nome' cannot be null
in SYSTEMPATH\Database\MySQLi\Connection.php on line 313.
 1 SYSTEMPATH\Database\BaseConnection.php(722): CodeIgniter\Database\MySQLi\Connection->execute('INSERT INTO `clientes` (`nome`, `sobrenome`, `cpf`) VALUES (NULL, NULL, \'00044455514\')')
 2 SYSTEMPATH\Database\BaseConnection.php(636): CodeIgniter\Database\BaseConnection->simpleQuery('INSERT INTO `clientes` (`nome`, `sobrenome`, `cpf`) VALUES (NULL, NULL, \'00044455514\')')
 3 SYSTEMPATH\Database\BaseBuilder.php(2325): CodeIgniter\Database\BaseConnection->query('INSERT INTO `clientes` (`nome`, `sobrenome`, `cpf`) VALUES (:nome:, :sobrenome:, :cpf:)', [...], false)
 4 SYSTEMPATH\Model.php(383): CodeIgniter\Database\BaseBuilder->insert()
 5 SYSTEMPATH\BaseModel.php(840): CodeIgniter\Model->doInsert([...])
 6 SYSTEMPATH\Model.php(791): CodeIgniter\BaseModel->insert([...], false)
 7 SYSTEMPATH\BaseModel.php(751): CodeIgniter\Model->insert([...], false)
 8 APPPATH\Models\ClientesModel.php(29): CodeIgniter\BaseModel->save([...])
 9 APPPATH\Controllers\Clientes.php(43): App\Models\ClientesModel->insertClientes([...])
10 SYSTEMPATH\CodeIgniter.php(933): App\Controllers\Clientes->insereAtualizaCliente()
11 SYSTEMPATH\CodeIgniter.php(509): CodeIgniter\CodeIgniter->runController(Object(App\Controllers\Clientes))
12 SYSTEMPATH\CodeIgniter.php(355): CodeIgniter\CodeIgniter->handleRequest(null, Object(Config\Cache), false)
13 SYSTEMPATH\Boot.php(312): CodeIgniter\CodeIgniter->run()
14 SYSTEMPATH\Boot.php(67): CodeIgniter\Boot::runCodeIgniter(Object(CodeIgniter\CodeIgniter))
15 FCPATH\index.php(56): CodeIgniter\Boot::bootWeb(Object(Config\Paths))
16 SYSTEMPATH\Commands\Server\rewrite.php(49): require_once('C:\\ci\\public\\index.php')
CRITICAL - 2024-05-11 04:39:27 --> [Caused by] mysqli_sql_exception: Column 'nome' cannot be null
in SYSTEMPATH\Database\MySQLi\Connection.php on line 308.
 1 SYSTEMPATH\Database\MySQLi\Connection.php(308): mysqli->query('INSERT INTO `clientes` (`nome`, `sobrenome`, `cpf`) VALUES (NULL, NULL, \'00044455514\')', 0)
 2 SYSTEMPATH\Database\BaseConnection.php(722): CodeIgniter\Database\MySQLi\Connection->execute('INSERT INTO `clientes` (`nome`, `sobrenome`, `cpf`) VALUES (NULL, NULL, \'00044455514\')')
 3 SYSTEMPATH\Database\BaseConnection.php(636): CodeIgniter\Database\BaseConnection->simpleQuery('INSERT INTO `clientes` (`nome`, `sobrenome`, `cpf`) VALUES (NULL, NULL, \'00044455514\')')
 4 SYSTEMPATH\Database\BaseBuilder.php(2325): CodeIgniter\Database\BaseConnection->query('INSERT INTO `clientes` (`nome`, `sobrenome`, `cpf`) VALUES (:nome:, :sobrenome:, :cpf:)', [...], false)
 5 SYSTEMPATH\Model.php(383): CodeIgniter\Database\BaseBuilder->insert()
 6 SYSTEMPATH\BaseModel.php(840): CodeIgniter\Model->doInsert([...])
 7 SYSTEMPATH\Model.php(791): CodeIgniter\BaseModel->insert([...], false)
 8 SYSTEMPATH\BaseModel.php(751): CodeIgniter\Model->insert([...], false)
 9 APPPATH\Models\ClientesModel.php(29): CodeIgniter\BaseModel->save([...])
10 APPPATH\Controllers\Clientes.php(43): App\Models\ClientesModel->insertClientes([...])
11 SYSTEMPATH\CodeIgniter.php(933): App\Controllers\Clientes->insereAtualizaCliente()
12 SYSTEMPATH\CodeIgniter.php(509): CodeIgniter\CodeIgniter->runController(Object(App\Controllers\Clientes))
13 SYSTEMPATH\CodeIgniter.php(355): CodeIgniter\CodeIgniter->handleRequest(null, Object(Config\Cache), false)
14 SYSTEMPATH\Boot.php(312): CodeIgniter\CodeIgniter->run()
15 SYSTEMPATH\Boot.php(67): CodeIgniter\Boot::runCodeIgniter(Object(CodeIgniter\CodeIgniter))
16 FCPATH\index.php(56): CodeIgniter\Boot::bootWeb(Object(Config\Paths))
17 SYSTEMPATH\Commands\Server\rewrite.php(49): require_once('C:\\ci\\public\\index.php')
INFO - 2024-05-11 04:40:46 --> Session: Class initialized using 'CodeIgniter\Session\Handlers\FileHandler' driver.
INFO - 2024-05-11 04:40:50 --> CSRF token verified.
CRITICAL - 2024-05-11 04:40:50 --> BadMethodCallException: Call to undefined method App\Models\ClientesModel::deleteCliente
[Method: POST, Route: clientes/deleted]
in SYSTEMPATH\Model.php on line 921.
 1 APPPATH\Controllers\Clientes.php(62): CodeIgniter\Model->__call('deleteCliente', [...])
 2 SYSTEMPATH\CodeIgniter.php(933): App\Controllers\Clientes->deletadoCliente()
 3 SYSTEMPATH\CodeIgniter.php(509): CodeIgniter\CodeIgniter->runController(Object(App\Controllers\Clientes))
 4 SYSTEMPATH\CodeIgniter.php(355): CodeIgniter\CodeIgniter->handleRequest(null, Object(Config\Cache), false)
 5 SYSTEMPATH\Boot.php(312): CodeIgniter\CodeIgniter->run()
 6 SYSTEMPATH\Boot.php(67): CodeIgniter\Boot::runCodeIgniter(Object(CodeIgniter\CodeIgniter))
 7 FCPATH\index.php(56): CodeIgniter\Boot::bootWeb(Object(Config\Paths))
 8 SYSTEMPATH\Commands\Server\rewrite.php(49): require_once('C:\\ci\\public\\index.php')
INFO - 2024-05-11 04:41:42 --> Session: Class initialized using 'CodeIgniter\Session\Handlers\FileHandler' driver.
INFO - 2024-05-11 04:41:46 --> CSRF token verified.
CRITICAL - 2024-05-11 04:41:47 --> BadMethodCallException: Call to undefined method App\Models\ClientesModel::deleteCliente
[Method: POST, Route: clientes/deleted]
in SYSTEMPATH\Model.php on line 921.
 1 APPPATH\Controllers\Clientes.php(62): CodeIgniter\Model->__call('deleteCliente', [...])
 2 SYSTEMPATH\CodeIgniter.php(933): App\Controllers\Clientes->deletadoCliente()
 3 SYSTEMPATH\CodeIgniter.php(509): CodeIgniter\CodeIgniter->runController(Object(App\Controllers\Clientes))
 4 SYSTEMPATH\CodeIgniter.php(355): CodeIgniter\CodeIgniter->handleRequest(null, Object(Config\Cache), false)
 5 SYSTEMPATH\Boot.php(312): CodeIgniter\CodeIgniter->run()
 6 SYSTEMPATH\Boot.php(67): CodeIgniter\Boot::runCodeIgniter(Object(CodeIgniter\CodeIgniter))
 7 FCPATH\index.php(56): CodeIgniter\Boot::bootWeb(Object(Config\Paths))
 8 SYSTEMPATH\Commands\Server\rewrite.php(49): require_once('C:\\ci\\public\\index.php')
INFO - 2024-05-11 04:42:21 --> Session: Class initialized using 'CodeIgniter\Session\Handlers\FileHandler' driver.
INFO - 2024-05-11 04:42:26 --> CSRF token verified.
CRITICAL - 2024-05-11 04:42:26 --> TypeError: App\Models\ClientesModel::deleteClientes(): Argument #1 ($cpf) must be of type string, array given, called in C:\ci\app\Controllers\Clientes.php on line 62
[Method: POST, Route: clientes/deleted]
in APPPATH\Models\ClientesModel.php on line 45.
 1 APPPATH\Controllers\Clientes.php(62): App\Models\ClientesModel->deleteClientes([...])
 2 SYSTEMPATH\CodeIgniter.php(933): App\Controllers\Clientes->deletadoCliente()
 3 SYSTEMPATH\CodeIgniter.php(509): CodeIgniter\CodeIgniter->runController(Object(App\Controllers\Clientes))
 4 SYSTEMPATH\CodeIgniter.php(355): CodeIgniter\CodeIgniter->handleRequest(null, Object(Config\Cache), false)
 5 SYSTEMPATH\Boot.php(312): CodeIgniter\CodeIgniter->run()
 6 SYSTEMPATH\Boot.php(67): CodeIgniter\Boot::runCodeIgniter(Object(CodeIgniter\CodeIgniter))
 7 FCPATH\index.php(56): CodeIgniter\Boot::bootWeb(Object(Config\Paths))
 8 SYSTEMPATH\Commands\Server\rewrite.php(49): require_once('C:\\ci\\public\\index.php')
INFO - 2024-05-11 04:43:39 --> Session: Class initialized using 'CodeIgniter\Session\Handlers\FileHandler' driver.
INFO - 2024-05-11 04:43:43 --> CSRF token verified.
CRITICAL - 2024-05-11 04:44:31 --> TypeError: App\Models\ClientesModel::deleteClientes(): Argument #1 ($cpf) must be of type string, array given, called in C:\ci\app\Controllers\Clientes.php on line 62
[Method: POST, Route: clientes/deleted]
in APPPATH\Models\ClientesModel.php on line 45.
 1 APPPATH\Controllers\Clientes.php(62): App\Models\ClientesModel->deleteClientes([...])
 2 SYSTEMPATH\CodeIgniter.php(933): App\Controllers\Clientes->deletadoCliente()
 3 SYSTEMPATH\CodeIgniter.php(509): CodeIgniter\CodeIgniter->runController(Object(App\Controllers\Clientes))
 4 SYSTEMPATH\CodeIgniter.php(355): CodeIgniter\CodeIgniter->handleRequest(null, Object(Config\Cache), false)
 5 SYSTEMPATH\Boot.php(312): CodeIgniter\CodeIgniter->run()
 6 SYSTEMPATH\Boot.php(67): CodeIgniter\Boot::runCodeIgniter(Object(CodeIgniter\CodeIgniter))
 7 FCPATH\index.php(56): CodeIgniter\Boot::bootWeb(Object(Config\Paths))
 8 SYSTEMPATH\Commands\Server\rewrite.php(49): require_once('C:\\ci\\public\\index.php')
INFO - 2024-05-11 04:45:06 --> Session: Class initialized using 'CodeIgniter\Session\Handlers\FileHandler' driver.
INFO - 2024-05-11 04:45:10 --> CSRF token verified.
CRITICAL - 2024-05-11 04:54:14 --> TypeError: App\Models\ClientesModel::deleteClientes(): Argument #1 ($cpf) must be of type string, array given, called in C:\ci\app\Controllers\Clientes.php on line 62
[Method: POST, Route: clientes/deleted]
in APPPATH\Models\ClientesModel.php on line 45.
 1 APPPATH\Controllers\Clientes.php(62): App\Models\ClientesModel->deleteClientes([...])
 2 SYSTEMPATH\CodeIgniter.php(933): App\Controllers\Clientes->deletadoCliente()
 3 SYSTEMPATH\CodeIgniter.php(509): CodeIgniter\CodeIgniter->runController(Object(App\Controllers\Clientes))
 4 SYSTEMPATH\CodeIgniter.php(355): CodeIgniter\CodeIgniter->handleRequest(null, Object(Config\Cache), false)
 5 SYSTEMPATH\Boot.php(312): CodeIgniter\CodeIgniter->run()
 6 SYSTEMPATH\Boot.php(67): CodeIgniter\Boot::runCodeIgniter(Object(CodeIgniter\CodeIgniter))
 7 FCPATH\index.php(56): CodeIgniter\Boot::bootWeb(Object(Config\Paths))
 8 SYSTEMPATH\Commands\Server\rewrite.php(49): require_once('C:\\ci\\public\\index.php')
INFO - 2024-05-11 04:54:23 --> Session: Class initialized using 'CodeIgniter\Session\Handlers\FileHandler' driver.
INFO - 2024-05-11 04:54:42 --> CSRF token verified.
INFO - 2024-05-11 04:55:08 --> Session: Class initialized using 'CodeIgniter\Session\Handlers\FileHandler' driver.
INFO - 2024-05-11 04:55:12 --> CSRF token verified.
CRITICAL - 2024-05-11 04:55:47 --> CodeIgniter\Database\Exceptions\DatabaseException: Deletes are not allowed unless they contain a "where" or "like" clause.
[Method: POST, Route: clientes/deleted]
in SYSTEMPATH\Database\BaseBuilder.php on line 2794.
 1 SYSTEMPATH\Model.php(510): CodeIgniter\Database\BaseBuilder->delete()
 2 SYSTEMPATH\BaseModel.php(1158): CodeIgniter\Model->doDelete(null, false)
 3 APPPATH\Models\ClientesModel.php(53): CodeIgniter\BaseModel->delete(null)
 4 APPPATH\Controllers\Clientes.php(65): App\Models\ClientesModel->deleteClientes('00044455514')
 5 SYSTEMPATH\CodeIgniter.php(933): App\Controllers\Clientes->deletadoCliente()
 6 SYSTEMPATH\CodeIgniter.php(509): CodeIgniter\CodeIgniter->runController(Object(App\Controllers\Clientes))
 7 SYSTEMPATH\CodeIgniter.php(355): CodeIgniter\CodeIgniter->handleRequest(null, Object(Config\Cache), false)
 8 SYSTEMPATH\Boot.php(312): CodeIgniter\CodeIgniter->run()
 9 SYSTEMPATH\Boot.php(67): CodeIgniter\Boot::runCodeIgniter(Object(CodeIgniter\CodeIgniter))
10 FCPATH\index.php(56): CodeIgniter\Boot::bootWeb(Object(Config\Paths))
11 SYSTEMPATH\Commands\Server\rewrite.php(49): require_once('C:\\ci\\public\\index.php')
INFO - 2024-05-11 04:56:08 --> Session: Class initialized using 'CodeIgniter\Session\Handlers\FileHandler' driver.
INFO - 2024-05-11 04:56:16 --> CSRF token verified.
INFO - 2024-05-11 04:56:23 --> Session: Class initialized using 'CodeIgniter\Session\Handlers\FileHandler' driver.
INFO - 2024-05-11 04:56:28 --> CSRF token verified.
CRITICAL - 2024-05-11 05:06:09 --> ParseError: syntax error, unexpected variable "$this", expecting "function"
[Method: GET, Route: clientes/deletar]
in APPPATH\Models\ClientesModel.php on line 13.
 1 SYSTEMPATH\Autoloader\Autoloader.php(296): CodeIgniter\Autoloader\Autoloader->includeFile('C:\\ci\\app\\Models\\ClientesModel.php')
 2 SYSTEMPATH\Autoloader\Autoloader.php(272): CodeIgniter\Autoloader\Autoloader->loadInNamespace('App\\Models\\ClientesModel')
 3 APPPATH\Controllers\Clientes.php(22): CodeIgniter\Autoloader\Autoloader->loadClass('App\\Models\\ClientesModel')
 4 APPPATH\Controllers\Clientes.php(16): App\Controllers\Clientes->instanciarClientesModel()
 5 SYSTEMPATH\CodeIgniter.php(903): App\Controllers\Clientes->__construct()
 6 SYSTEMPATH\CodeIgniter.php(500): CodeIgniter\CodeIgniter->createController()
 7 SYSTEMPATH\CodeIgniter.php(355): CodeIgniter\CodeIgniter->handleRequest(null, Object(Config\Cache), false)
 8 SYSTEMPATH\Boot.php(312): CodeIgniter\CodeIgniter->run()
 9 SYSTEMPATH\Boot.php(67): CodeIgniter\Boot::runCodeIgniter(Object(CodeIgniter\CodeIgniter))
10 FCPATH\index.php(56): CodeIgniter\Boot::bootWeb(Object(Config\Paths))
11 SYSTEMPATH\Commands\Server\rewrite.php(49): require_once('C:\\ci\\public\\index.php')
CRITICAL - 2024-05-11 05:07:28 --> ParseError: syntax error, unexpected variable "$this", expecting "function"
[Method: GET, Route: clientes/deletar]
in APPPATH\Models\ClientesModel.php on line 13.
 1 SYSTEMPATH\Autoloader\Autoloader.php(296): CodeIgniter\Autoloader\Autoloader->includeFile('C:\\ci\\app\\Models\\ClientesModel.php')
 2 SYSTEMPATH\Autoloader\Autoloader.php(272): CodeIgniter\Autoloader\Autoloader->loadInNamespace('App\\Models\\ClientesModel')
 3 APPPATH\Controllers\Clientes.php(22): CodeIgniter\Autoloader\Autoloader->loadClass('App\\Models\\ClientesModel')
 4 APPPATH\Controllers\Clientes.php(16): App\Controllers\Clientes->instanciarClientesModel()
 5 SYSTEMPATH\CodeIgniter.php(903): App\Controllers\Clientes->__construct()
 6 SYSTEMPATH\CodeIgniter.php(500): CodeIgniter\CodeIgniter->createController()
 7 SYSTEMPATH\CodeIgniter.php(355): CodeIgniter\CodeIgniter->handleRequest(null, Object(Config\Cache), false)
 8 SYSTEMPATH\Boot.php(312): CodeIgniter\CodeIgniter->run()
 9 SYSTEMPATH\Boot.php(67): CodeIgniter\Boot::runCodeIgniter(Object(CodeIgniter\CodeIgniter))
10 FCPATH\index.php(56): CodeIgniter\Boot::bootWeb(Object(Config\Paths))
11 SYSTEMPATH\Commands\Server\rewrite.php(49): require_once('C:\\ci\\public\\index.php')
CRITICAL - 2024-05-11 05:12:17 --> ParseError: syntax error, unexpected variable "$this", expecting "function"
[Method: GET, Route: clientes/deletar]
in APPPATH\Models\ClientesModel.php on line 13.
 1 SYSTEMPATH\Autoloader\Autoloader.php(296): CodeIgniter\Autoloader\Autoloader->includeFile('C:\\ci\\app\\Models\\ClientesModel.php')
 2 SYSTEMPATH\Autoloader\Autoloader.php(272): CodeIgniter\Autoloader\Autoloader->loadInNamespace('App\\Models\\ClientesModel')
 3 APPPATH\Controllers\Clientes.php(22): CodeIgniter\Autoloader\Autoloader->loadClass('App\\Models\\ClientesModel')
 4 APPPATH\Controllers\Clientes.php(16): App\Controllers\Clientes->instanciarClientesModel()
 5 SYSTEMPATH\CodeIgniter.php(903): App\Controllers\Clientes->__construct()
 6 SYSTEMPATH\CodeIgniter.php(500): CodeIgniter\CodeIgniter->createController()
 7 SYSTEMPATH\CodeIgniter.php(355): CodeIgniter\CodeIgniter->handleRequest(null, Object(Config\Cache), false)
 8 SYSTEMPATH\Boot.php(312): CodeIgniter\CodeIgniter->run()
 9 SYSTEMPATH\Boot.php(67): CodeIgniter\Boot::runCodeIgniter(Object(CodeIgniter\CodeIgniter))
10 FCPATH\index.php(56): CodeIgniter\Boot::bootWeb(Object(Config\Paths))
11 SYSTEMPATH\Commands\Server\rewrite.php(49): require_once('C:\\ci\\public\\index.php')
INFO - 2024-05-11 05:13:14 --> Session: Class initialized using 'CodeIgniter\Session\Handlers\FileHandler' driver.
INFO - 2024-05-11 05:13:35 --> CSRF token verified.
CRITICAL - 2024-05-11 05:13:47 --> CodeIgniter\Database\Exceptions\DatabaseException: Deletes are not allowed unless they contain a "where" or "like" clause.
[Method: POST, Route: clientes/deleted]
in SYSTEMPATH\Database\BaseBuilder.php on line 2794.
 1 SYSTEMPATH\Model.php(510): CodeIgniter\Database\BaseBuilder->delete()
 2 SYSTEMPATH\BaseModel.php(1158): CodeIgniter\Model->doDelete(null, false)
 3 APPPATH\Models\ClientesModel.php(53): CodeIgniter\BaseModel->delete(null)
 4 APPPATH\Controllers\Clientes.php(70): App\Models\ClientesModel->deleteClientes('00044455514')
 5 SYSTEMPATH\CodeIgniter.php(933): App\Controllers\Clientes->deletadoCliente()
 6 SYSTEMPATH\CodeIgniter.php(509): CodeIgniter\CodeIgniter->runController(Object(App\Controllers\Clientes))
 7 SYSTEMPATH\CodeIgniter.php(355): CodeIgniter\CodeIgniter->handleRequest(null, Object(Config\Cache), false)
 8 SYSTEMPATH\Boot.php(312): CodeIgniter\CodeIgniter->run()
 9 SYSTEMPATH\Boot.php(67): CodeIgniter\Boot::runCodeIgniter(Object(CodeIgniter\CodeIgniter))
10 FCPATH\index.php(56): CodeIgniter\Boot::bootWeb(Object(Config\Paths))
11 SYSTEMPATH\Commands\Server\rewrite.php(49): require_once('C:\\ci\\public\\index.php')
INFO - 2024-05-11 05:17:13 --> Session: Class initialized using 'CodeIgniter\Session\Handlers\FileHandler' driver.
INFO - 2024-05-11 05:17:30 --> CSRF token verified.
INFO - 2024-05-11 05:17:48 --> Session: Class initialized using 'CodeIgniter\Session\Handlers\FileHandler' driver.
INFO - 2024-05-11 05:17:56 --> CSRF token verified.
