INFO - 2024-05-15 03:46:36 --> Session: Class initialized using 'CodeIgniter\Session\Handlers\FileHandler' driver.
INFO - 2024-05-15 03:46:49 --> CSRF token verified.
INFO - 2024-05-15 03:47:05 --> CSRF token verified.
INFO - 2024-05-15 03:47:45 --> Session: Class initialized using 'CodeIgniter\Session\Handlers\FileHandler' driver.
INFO - 2024-05-15 03:47:57 --> Session: Class initialized using 'CodeIgniter\Session\Handlers\FileHandler' driver.
INFO - 2024-05-15 03:48:21 --> CSRF token verified.
INFO - 2024-05-15 03:48:30 --> Session: Class initialized using 'CodeIgniter\Session\Handlers\FileHandler' driver.
INFO - 2024-05-15 03:48:34 --> CSRF token verified.
ERROR - 2024-05-15 03:48:34 --> mysqli_sql_exception: Duplicate entry '78965412312' for key 'clientes.cpf' in C:\ci\system\Database\MySQLi\Connection.php:308
Stack trace:
#0 C:\ci\system\Database\MySQLi\Connection.php(308): mysqli->query('INSERT INTO `cl...', 0)
#1 C:\ci\system\Database\BaseConnection.php(722): CodeIgniter\Database\MySQLi\Connection->execute('INSERT INTO `cl...')
#2 C:\ci\system\Database\BaseConnection.php(636): CodeIgniter\Database\BaseConnection->simpleQuery('INSERT INTO `cl...')
#3 C:\ci\system\Database\BaseBuilder.php(2325): CodeIgniter\Database\BaseConnection->query('INSERT INTO `cl...', Array, false)
#4 C:\ci\system\Model.php(383): CodeIgniter\Database\BaseBuilder->insert()
#5 C:\ci\system\BaseModel.php(840): CodeIgniter\Model->doInsert(Array)
#6 C:\ci\system\Model.php(791): CodeIgniter\BaseModel->insert(Array, false)
#7 C:\ci\system\BaseModel.php(751): CodeIgniter\Model->insert(Array, false)
#8 C:\ci\app\Models\ClientesModel.php(29): CodeIgniter\BaseModel->save(Array)
#9 C:\ci\app\Controllers\Clientes.php(40): App\Models\ClientesModel->insertClientes(Array)
#10 C:\ci\system\CodeIgniter.php(933): App\Controllers\Clientes->insereCliente()
#11 C:\ci\system\CodeIgniter.php(509): CodeIgniter\CodeIgniter->runController(Object(App\Controllers\Clientes))
#12 C:\ci\system\CodeIgniter.php(355): CodeIgniter\CodeIgniter->handleRequest(NULL, Object(Config\Cache), false)
#13 C:\ci\system\Boot.php(312): CodeIgniter\CodeIgniter->run()
#14 C:\ci\system\Boot.php(67): CodeIgniter\Boot::runCodeIgniter(Object(CodeIgniter\CodeIgniter))
#15 C:\ci\public\index.php(56): CodeIgniter\Boot::bootWeb(Object(Config\Paths))
#16 C:\ci\system\Commands\Server\rewrite.php(49): require_once('C:\\ci\\public\\in...')
#17 {main}
CRITICAL - 2024-05-15 03:48:34 --> CodeIgniter\Database\Exceptions\DatabaseException: Duplicate entry '78965412312' for key 'clientes.cpf'
[Method: POST, Route: clientes/cadastrar]
in SYSTEMPATH\Database\BaseConnection.php on line 676.
 1 SYSTEMPATH\Database\BaseBuilder.php(2325): CodeIgniter\Database\BaseConnection->query('INSERT INTO `clientes` (`nome`, `sobrenome`, `cpf`) VALUES (:nome:, :sobrenome:, :cpf:)', [...], false)
 2 SYSTEMPATH\Model.php(383): CodeIgniter\Database\BaseBuilder->insert()
 3 SYSTEMPATH\BaseModel.php(840): CodeIgniter\Model->doInsert([...])
 4 SYSTEMPATH\Model.php(791): CodeIgniter\BaseModel->insert([...], false)
 5 SYSTEMPATH\BaseModel.php(751): CodeIgniter\Model->insert([...], false)
 6 APPPATH\Models\ClientesModel.php(29): CodeIgniter\BaseModel->save([...])
 7 APPPATH\Controllers\Clientes.php(40): App\Models\ClientesModel->insertClientes([...])
 8 SYSTEMPATH\CodeIgniter.php(933): App\Controllers\Clientes->insereCliente()
 9 SYSTEMPATH\CodeIgniter.php(509): CodeIgniter\CodeIgniter->runController(Object(App\Controllers\Clientes))
10 SYSTEMPATH\CodeIgniter.php(355): CodeIgniter\CodeIgniter->handleRequest(null, Object(Config\Cache), false)
11 SYSTEMPATH\Boot.php(312): CodeIgniter\CodeIgniter->run()
12 SYSTEMPATH\Boot.php(67): CodeIgniter\Boot::runCodeIgniter(Object(CodeIgniter\CodeIgniter))
13 FCPATH\index.php(56): CodeIgniter\Boot::bootWeb(Object(Config\Paths))
14 SYSTEMPATH\Commands\Server\rewrite.php(49): require_once('C:\\ci\\public\\index.php')
CRITICAL - 2024-05-15 03:48:34 --> [Caused by] CodeIgniter\Database\Exceptions\DatabaseException: Duplicate entry '78965412312' for key 'clientes.cpf'
in SYSTEMPATH\Database\MySQLi\Connection.php on line 313.
 1 SYSTEMPATH\Database\BaseConnection.php(722): CodeIgniter\Database\MySQLi\Connection->execute('INSERT INTO `clientes` (`nome`, `sobrenome`, `cpf`) VALUES (\'Josefa\', \'Maria\', \'78965412312\')')
 2 SYSTEMPATH\Database\BaseConnection.php(636): CodeIgniter\Database\BaseConnection->simpleQuery('INSERT INTO `clientes` (`nome`, `sobrenome`, `cpf`) VALUES (\'Josefa\', \'Maria\', \'78965412312\')')
 3 SYSTEMPATH\Database\BaseBuilder.php(2325): CodeIgniter\Database\BaseConnection->query('INSERT INTO `clientes` (`nome`, `sobrenome`, `cpf`) VALUES (:nome:, :sobrenome:, :cpf:)', [...], false)
 4 SYSTEMPATH\Model.php(383): CodeIgniter\Database\BaseBuilder->insert()
 5 SYSTEMPATH\BaseModel.php(840): CodeIgniter\Model->doInsert([...])
 6 SYSTEMPATH\Model.php(791): CodeIgniter\BaseModel->insert([...], false)
 7 SYSTEMPATH\BaseModel.php(751): CodeIgniter\Model->insert([...], false)
 8 APPPATH\Models\ClientesModel.php(29): CodeIgniter\BaseModel->save([...])
 9 APPPATH\Controllers\Clientes.php(40): App\Models\ClientesModel->insertClientes([...])
10 SYSTEMPATH\CodeIgniter.php(933): App\Controllers\Clientes->insereCliente()
11 SYSTEMPATH\CodeIgniter.php(509): CodeIgniter\CodeIgniter->runController(Object(App\Controllers\Clientes))
12 SYSTEMPATH\CodeIgniter.php(355): CodeIgniter\CodeIgniter->handleRequest(null, Object(Config\Cache), false)
13 SYSTEMPATH\Boot.php(312): CodeIgniter\CodeIgniter->run()
14 SYSTEMPATH\Boot.php(67): CodeIgniter\Boot::runCodeIgniter(Object(CodeIgniter\CodeIgniter))
15 FCPATH\index.php(56): CodeIgniter\Boot::bootWeb(Object(Config\Paths))
16 SYSTEMPATH\Commands\Server\rewrite.php(49): require_once('C:\\ci\\public\\index.php')
CRITICAL - 2024-05-15 03:48:34 --> [Caused by] mysqli_sql_exception: Duplicate entry '78965412312' for key 'clientes.cpf'
in SYSTEMPATH\Database\MySQLi\Connection.php on line 308.
 1 SYSTEMPATH\Database\MySQLi\Connection.php(308): mysqli->query('INSERT INTO `clientes` (`nome`, `sobrenome`, `cpf`) VALUES (\'Josefa\', \'Maria\', \'78965412312\')', 0)
 2 SYSTEMPATH\Database\BaseConnection.php(722): CodeIgniter\Database\MySQLi\Connection->execute('INSERT INTO `clientes` (`nome`, `sobrenome`, `cpf`) VALUES (\'Josefa\', \'Maria\', \'78965412312\')')
 3 SYSTEMPATH\Database\BaseConnection.php(636): CodeIgniter\Database\BaseConnection->simpleQuery('INSERT INTO `clientes` (`nome`, `sobrenome`, `cpf`) VALUES (\'Josefa\', \'Maria\', \'78965412312\')')
 4 SYSTEMPATH\Database\BaseBuilder.php(2325): CodeIgniter\Database\BaseConnection->query('INSERT INTO `clientes` (`nome`, `sobrenome`, `cpf`) VALUES (:nome:, :sobrenome:, :cpf:)', [...], false)
 5 SYSTEMPATH\Model.php(383): CodeIgniter\Database\BaseBuilder->insert()
 6 SYSTEMPATH\BaseModel.php(840): CodeIgniter\Model->doInsert([...])
 7 SYSTEMPATH\Model.php(791): CodeIgniter\BaseModel->insert([...], false)
 8 SYSTEMPATH\BaseModel.php(751): CodeIgniter\Model->insert([...], false)
 9 APPPATH\Models\ClientesModel.php(29): CodeIgniter\BaseModel->save([...])
10 APPPATH\Controllers\Clientes.php(40): App\Models\ClientesModel->insertClientes([...])
11 SYSTEMPATH\CodeIgniter.php(933): App\Controllers\Clientes->insereCliente()
12 SYSTEMPATH\CodeIgniter.php(509): CodeIgniter\CodeIgniter->runController(Object(App\Controllers\Clientes))
13 SYSTEMPATH\CodeIgniter.php(355): CodeIgniter\CodeIgniter->handleRequest(null, Object(Config\Cache), false)
14 SYSTEMPATH\Boot.php(312): CodeIgniter\CodeIgniter->run()
15 SYSTEMPATH\Boot.php(67): CodeIgniter\Boot::runCodeIgniter(Object(CodeIgniter\CodeIgniter))
16 FCPATH\index.php(56): CodeIgniter\Boot::bootWeb(Object(Config\Paths))
17 SYSTEMPATH\Commands\Server\rewrite.php(49): require_once('C:\\ci\\public\\index.php')
INFO - 2024-05-15 03:48:54 --> Session: Class initialized using 'CodeIgniter\Session\Handlers\FileHandler' driver.
INFO - 2024-05-15 03:49:16 --> CSRF token verified.
INFO - 2024-05-15 03:50:17 --> CSRF token verified.
INFO - 2024-05-15 04:34:56 --> Session: Class initialized using 'CodeIgniter\Session\Handlers\FileHandler' driver.
INFO - 2024-05-15 04:35:07 --> CSRF token verified.
INFO - 2024-05-15 04:45:19 --> Session: Class initialized using 'CodeIgniter\Session\Handlers\FileHandler' driver.
INFO - 2024-05-15 04:45:28 --> CSRF token verified.
ERROR - 2024-05-15 04:45:28 --> mysqli_sql_exception: Duplicate entry '45678912356' for key 'clientes.cpf' in C:\ci\system\Database\MySQLi\Connection.php:308
Stack trace:
#0 C:\ci\system\Database\MySQLi\Connection.php(308): mysqli->query('INSERT INTO `cl...', 0)
#1 C:\ci\system\Database\BaseConnection.php(722): CodeIgniter\Database\MySQLi\Connection->execute('INSERT INTO `cl...')
#2 C:\ci\system\Database\BaseConnection.php(636): CodeIgniter\Database\BaseConnection->simpleQuery('INSERT INTO `cl...')
#3 C:\ci\system\Database\BaseBuilder.php(2325): CodeIgniter\Database\BaseConnection->query('INSERT INTO `cl...', Array, false)
#4 C:\ci\system\Model.php(383): CodeIgniter\Database\BaseBuilder->insert()
#5 C:\ci\system\BaseModel.php(840): CodeIgniter\Model->doInsert(Array)
#6 C:\ci\system\Model.php(791): CodeIgniter\BaseModel->insert(Array, false)
#7 C:\ci\system\BaseModel.php(751): CodeIgniter\Model->insert(Array, false)
#8 C:\ci\app\Models\ClientesModel.php(29): CodeIgniter\BaseModel->save(Array)
#9 C:\ci\app\Controllers\Clientes.php(40): App\Models\ClientesModel->insertClientes(Array)
#10 C:\ci\system\CodeIgniter.php(933): App\Controllers\Clientes->insereCliente()
#11 C:\ci\system\CodeIgniter.php(509): CodeIgniter\CodeIgniter->runController(Object(App\Controllers\Clientes))
#12 C:\ci\system\CodeIgniter.php(355): CodeIgniter\CodeIgniter->handleRequest(NULL, Object(Config\Cache), false)
#13 C:\ci\system\Boot.php(312): CodeIgniter\CodeIgniter->run()
#14 C:\ci\system\Boot.php(67): CodeIgniter\Boot::runCodeIgniter(Object(CodeIgniter\CodeIgniter))
#15 C:\ci\public\index.php(56): CodeIgniter\Boot::bootWeb(Object(Config\Paths))
#16 C:\ci\system\Commands\Server\rewrite.php(49): require_once('C:\\ci\\public\\in...')
#17 {main}
CRITICAL - 2024-05-15 04:45:28 --> CodeIgniter\Database\Exceptions\DatabaseException: Duplicate entry '45678912356' for key 'clientes.cpf'
[Method: POST, Route: clientes/cadastrar]
in SYSTEMPATH\Database\BaseConnection.php on line 676.
 1 SYSTEMPATH\Database\BaseBuilder.php(2325): CodeIgniter\Database\BaseConnection->query('INSERT INTO `clientes` (`nome`, `sobrenome`, `cpf`) VALUES (:nome:, :sobrenome:, :cpf:)', [...], false)
 2 SYSTEMPATH\Model.php(383): CodeIgniter\Database\BaseBuilder->insert()
 3 SYSTEMPATH\BaseModel.php(840): CodeIgniter\Model->doInsert([...])
 4 SYSTEMPATH\Model.php(791): CodeIgniter\BaseModel->insert([...], false)
 5 SYSTEMPATH\BaseModel.php(751): CodeIgniter\Model->insert([...], false)
 6 APPPATH\Models\ClientesModel.php(29): CodeIgniter\BaseModel->save([...])
 7 APPPATH\Controllers\Clientes.php(40): App\Models\ClientesModel->insertClientes([...])
 8 SYSTEMPATH\CodeIgniter.php(933): App\Controllers\Clientes->insereCliente()
 9 SYSTEMPATH\CodeIgniter.php(509): CodeIgniter\CodeIgniter->runController(Object(App\Controllers\Clientes))
10 SYSTEMPATH\CodeIgniter.php(355): CodeIgniter\CodeIgniter->handleRequest(null, Object(Config\Cache), false)
11 SYSTEMPATH\Boot.php(312): CodeIgniter\CodeIgniter->run()
12 SYSTEMPATH\Boot.php(67): CodeIgniter\Boot::runCodeIgniter(Object(CodeIgniter\CodeIgniter))
13 FCPATH\index.php(56): CodeIgniter\Boot::bootWeb(Object(Config\Paths))
14 SYSTEMPATH\Commands\Server\rewrite.php(49): require_once('C:\\ci\\public\\index.php')
CRITICAL - 2024-05-15 04:45:28 --> [Caused by] CodeIgniter\Database\Exceptions\DatabaseException: Duplicate entry '45678912356' for key 'clientes.cpf'
in SYSTEMPATH\Database\MySQLi\Connection.php on line 313.
 1 SYSTEMPATH\Database\BaseConnection.php(722): CodeIgniter\Database\MySQLi\Connection->execute('INSERT INTO `clientes` (`nome`, `sobrenome`, `cpf`) VALUES (\'Josefa\', \'Josefina\', \'45678912356\')')
 2 SYSTEMPATH\Database\BaseConnection.php(636): CodeIgniter\Database\BaseConnection->simpleQuery('INSERT INTO `clientes` (`nome`, `sobrenome`, `cpf`) VALUES (\'Josefa\', \'Josefina\', \'45678912356\')')
 3 SYSTEMPATH\Database\BaseBuilder.php(2325): CodeIgniter\Database\BaseConnection->query('INSERT INTO `clientes` (`nome`, `sobrenome`, `cpf`) VALUES (:nome:, :sobrenome:, :cpf:)', [...], false)
 4 SYSTEMPATH\Model.php(383): CodeIgniter\Database\BaseBuilder->insert()
 5 SYSTEMPATH\BaseModel.php(840): CodeIgniter\Model->doInsert([...])
 6 SYSTEMPATH\Model.php(791): CodeIgniter\BaseModel->insert([...], false)
 7 SYSTEMPATH\BaseModel.php(751): CodeIgniter\Model->insert([...], false)
 8 APPPATH\Models\ClientesModel.php(29): CodeIgniter\BaseModel->save([...])
 9 APPPATH\Controllers\Clientes.php(40): App\Models\ClientesModel->insertClientes([...])
10 SYSTEMPATH\CodeIgniter.php(933): App\Controllers\Clientes->insereCliente()
11 SYSTEMPATH\CodeIgniter.php(509): CodeIgniter\CodeIgniter->runController(Object(App\Controllers\Clientes))
12 SYSTEMPATH\CodeIgniter.php(355): CodeIgniter\CodeIgniter->handleRequest(null, Object(Config\Cache), false)
13 SYSTEMPATH\Boot.php(312): CodeIgniter\CodeIgniter->run()
14 SYSTEMPATH\Boot.php(67): CodeIgniter\Boot::runCodeIgniter(Object(CodeIgniter\CodeIgniter))
15 FCPATH\index.php(56): CodeIgniter\Boot::bootWeb(Object(Config\Paths))
16 SYSTEMPATH\Commands\Server\rewrite.php(49): require_once('C:\\ci\\public\\index.php')
CRITICAL - 2024-05-15 04:45:28 --> [Caused by] mysqli_sql_exception: Duplicate entry '45678912356' for key 'clientes.cpf'
in SYSTEMPATH\Database\MySQLi\Connection.php on line 308.
 1 SYSTEMPATH\Database\MySQLi\Connection.php(308): mysqli->query('INSERT INTO `clientes` (`nome`, `sobrenome`, `cpf`) VALUES (\'Josefa\', \'Josefina\', \'45678912356\')', 0)
 2 SYSTEMPATH\Database\BaseConnection.php(722): CodeIgniter\Database\MySQLi\Connection->execute('INSERT INTO `clientes` (`nome`, `sobrenome`, `cpf`) VALUES (\'Josefa\', \'Josefina\', \'45678912356\')')
 3 SYSTEMPATH\Database\BaseConnection.php(636): CodeIgniter\Database\BaseConnection->simpleQuery('INSERT INTO `clientes` (`nome`, `sobrenome`, `cpf`) VALUES (\'Josefa\', \'Josefina\', \'45678912356\')')
 4 SYSTEMPATH\Database\BaseBuilder.php(2325): CodeIgniter\Database\BaseConnection->query('INSERT INTO `clientes` (`nome`, `sobrenome`, `cpf`) VALUES (:nome:, :sobrenome:, :cpf:)', [...], false)
 5 SYSTEMPATH\Model.php(383): CodeIgniter\Database\BaseBuilder->insert()
 6 SYSTEMPATH\BaseModel.php(840): CodeIgniter\Model->doInsert([...])
 7 SYSTEMPATH\Model.php(791): CodeIgniter\BaseModel->insert([...], false)
 8 SYSTEMPATH\BaseModel.php(751): CodeIgniter\Model->insert([...], false)
 9 APPPATH\Models\ClientesModel.php(29): CodeIgniter\BaseModel->save([...])
10 APPPATH\Controllers\Clientes.php(40): App\Models\ClientesModel->insertClientes([...])
11 SYSTEMPATH\CodeIgniter.php(933): App\Controllers\Clientes->insereCliente()
12 SYSTEMPATH\CodeIgniter.php(509): CodeIgniter\CodeIgniter->runController(Object(App\Controllers\Clientes))
13 SYSTEMPATH\CodeIgniter.php(355): CodeIgniter\CodeIgniter->handleRequest(null, Object(Config\Cache), false)
14 SYSTEMPATH\Boot.php(312): CodeIgniter\CodeIgniter->run()
15 SYSTEMPATH\Boot.php(67): CodeIgniter\Boot::runCodeIgniter(Object(CodeIgniter\CodeIgniter))
16 FCPATH\index.php(56): CodeIgniter\Boot::bootWeb(Object(Config\Paths))
17 SYSTEMPATH\Commands\Server\rewrite.php(49): require_once('C:\\ci\\public\\index.php')
INFO - 2024-05-15 04:45:33 --> Session: Class initialized using 'CodeIgniter\Session\Handlers\FileHandler' driver.
INFO - 2024-05-15 04:45:37 --> CSRF token verified.
INFO - 2024-05-15 04:53:48 --> CSRF token verified.
INFO - 2024-05-15 04:53:55 --> CSRF token verified.
INFO - 2024-05-15 04:59:10 --> Session: Class initialized using 'CodeIgniter\Session\Handlers\FileHandler' driver.
INFO - 2024-05-15 05:06:04 --> Session: Class initialized using 'CodeIgniter\Session\Handlers\FileHandler' driver.
INFO - 2024-05-15 05:06:18 --> CSRF token verified.
INFO - 2024-05-15 05:06:48 --> CSRF token verified.
INFO - 2024-05-15 05:06:54 --> Session: Class initialized using 'CodeIgniter\Session\Handlers\FileHandler' driver.
INFO - 2024-05-15 05:08:36 --> Session: Class initialized using 'CodeIgniter\Session\Handlers\FileHandler' driver.
INFO - 2024-05-15 05:08:45 --> CSRF token verified.
INFO - 2024-05-15 05:17:47 --> Session: Class initialized using 'CodeIgniter\Session\Handlers\FileHandler' driver.
INFO - 2024-05-15 05:19:30 --> Session: Class initialized using 'CodeIgniter\Session\Handlers\FileHandler' driver.
INFO - 2024-05-15 05:21:42 --> Session: Class initialized using 'CodeIgniter\Session\Handlers\FileHandler' driver.
INFO - 2024-05-15 05:22:05 --> CSRF token verified.
INFO - 2024-05-15 05:22:15 --> CSRF token verified.
INFO - 2024-05-15 05:24:22 --> Session: Class initialized using 'CodeIgniter\Session\Handlers\FileHandler' driver.
INFO - 2024-05-15 05:24:35 --> CSRF token verified.
INFO - 2024-05-15 05:24:51 --> CSRF token verified.
INFO - 2024-05-15 05:25:01 --> Session: Class initialized using 'CodeIgniter\Session\Handlers\FileHandler' driver.
INFO - 2024-05-15 05:25:16 --> CSRF token verified.
INFO - 2024-05-15 05:25:24 --> Session: Class initialized using 'CodeIgniter\Session\Handlers\FileHandler' driver.
INFO - 2024-05-15 05:25:48 --> CSRF token verified.
INFO - 2024-05-15 05:26:00 --> CSRF token verified.
INFO - 2024-05-15 05:26:39 --> Session: Class initialized using 'CodeIgniter\Session\Handlers\FileHandler' driver.
INFO - 2024-05-15 05:28:33 --> Session: Class initialized using 'CodeIgniter\Session\Handlers\FileHandler' driver.
INFO - 2024-05-15 05:28:49 --> CSRF token verified.
INFO - 2024-05-15 05:28:51 --> Session: Class initialized using 'CodeIgniter\Session\Handlers\FileHandler' driver.
INFO - 2024-05-15 05:29:03 --> CSRF token verified.
CRITICAL - 2024-05-15 05:29:03 --> CodeIgniter\Database\Exceptions\DatabaseException: Deletes are not allowed unless they contain a "where" or "like" clause.
[Method: POST, Route: clientes/deletar]
in SYSTEMPATH\Database\BaseBuilder.php on line 2794.
 1 SYSTEMPATH\Model.php(510): CodeIgniter\Database\BaseBuilder->delete()
 2 SYSTEMPATH\BaseModel.php(1158): CodeIgniter\Model->doDelete(null, false)
 3 APPPATH\Models\ClientesModel.php(77): CodeIgniter\BaseModel->delete(null)
 4 APPPATH\Controllers\Clientes.php(80): App\Models\ClientesModel->deleteClientes('00076077923')
 5 SYSTEMPATH\CodeIgniter.php(933): App\Controllers\Clientes->deletadoCliente()
 6 SYSTEMPATH\CodeIgniter.php(509): CodeIgniter\CodeIgniter->runController(Object(App\Controllers\Clientes))
 7 SYSTEMPATH\CodeIgniter.php(355): CodeIgniter\CodeIgniter->handleRequest(null, Object(Config\Cache), false)
 8 SYSTEMPATH\Boot.php(312): CodeIgniter\CodeIgniter->run()
 9 SYSTEMPATH\Boot.php(67): CodeIgniter\Boot::runCodeIgniter(Object(CodeIgniter\CodeIgniter))
10 FCPATH\index.php(56): CodeIgniter\Boot::bootWeb(Object(Config\Paths))
11 SYSTEMPATH\Commands\Server\rewrite.php(49): require_once('C:\\ci\\public\\index.php')
INFO - 2024-05-15 05:29:08 --> Session: Class initialized using 'CodeIgniter\Session\Handlers\FileHandler' driver.
INFO - 2024-05-15 05:29:28 --> CSRF token verified.
INFO - 2024-05-15 15:43:56 --> Session: Class initialized using 'CodeIgniter\Session\Handlers\FileHandler' driver.
INFO - 2024-05-15 15:44:08 --> CSRF token verified.
INFO - 2024-05-15 15:44:19 --> Session: Class initialized using 'CodeIgniter\Session\Handlers\FileHandler' driver.
INFO - 2024-05-15 15:44:34 --> CSRF token verified.
INFO - 2024-05-15 15:44:41 --> CSRF token verified.
INFO - 2024-05-15 15:44:45 --> Session: Class initialized using 'CodeIgniter\Session\Handlers\FileHandler' driver.
INFO - 2024-05-15 15:47:26 --> Session: Class initialized using 'CodeIgniter\Session\Handlers\FileHandler' driver.
INFO - 2024-05-15 15:47:35 --> CSRF token verified.
CRITICAL - 2024-05-15 15:47:47 --> CodeIgniter\Security\Exceptions\SecurityException: The action you requested is not allowed.
[Method: POST, Route: clientes/deletar]
in SYSTEMPATH\Security\Security.php on line 262.
 1 SYSTEMPATH\Security\Security.php(262): CodeIgniter\Security\Exceptions\SecurityException::forDisallowedAction()
 2 SYSTEMPATH\Filters\CSRF.php(57): CodeIgniter\Security\Security->verify(Object(CodeIgniter\HTTP\IncomingRequest))
 3 SYSTEMPATH\Filters\Filters.php(203): CodeIgniter\Filters\CSRF->before(Object(CodeIgniter\HTTP\IncomingRequest), null)
 4 SYSTEMPATH\Filters\Filters.php(184): CodeIgniter\Filters\Filters->runBefore([...])
 5 SYSTEMPATH\CodeIgniter.php(481): CodeIgniter\Filters\Filters->run('clientes/deletar', 'before')
 6 SYSTEMPATH\CodeIgniter.php(355): CodeIgniter\CodeIgniter->handleRequest(null, Object(Config\Cache), false)
 7 SYSTEMPATH\Boot.php(312): CodeIgniter\CodeIgniter->run()
 8 SYSTEMPATH\Boot.php(67): CodeIgniter\Boot::runCodeIgniter(Object(CodeIgniter\CodeIgniter))
 9 FCPATH\index.php(56): CodeIgniter\Boot::bootWeb(Object(Config\Paths))
10 SYSTEMPATH\Commands\Server\rewrite.php(49): require_once('C:\\ci\\public\\index.php')
INFO - 2024-05-15 15:48:14 --> CSRF token verified.
INFO - 2024-05-15 15:50:50 --> Session: Class initialized using 'CodeIgniter\Session\Handlers\FileHandler' driver.
INFO - 2024-05-15 18:30:19 --> Session: Class initialized using 'CodeIgniter\Session\Handlers\FileHandler' driver.
INFO - 2024-05-15 18:30:31 --> Session: Class initialized using 'CodeIgniter\Session\Handlers\FileHandler' driver.
INFO - 2024-05-15 18:30:53 --> CSRF token verified.
INFO - 2024-05-15 18:30:59 --> CSRF token verified.
INFO - 2024-05-15 19:20:58 --> Session: Class initialized using 'CodeIgniter\Session\Handlers\FileHandler' driver.
INFO - 2024-05-15 19:21:11 --> CSRF token verified.
INFO - 2024-05-15 19:21:50 --> Session: Class initialized using 'CodeIgniter\Session\Handlers\FileHandler' driver.
INFO - 2024-05-15 19:22:02 --> CSRF token verified.
INFO - 2024-05-15 19:22:11 --> Session: Class initialized using 'CodeIgniter\Session\Handlers\FileHandler' driver.
INFO - 2024-05-15 19:22:22 --> CSRF token verified.
INFO - 2024-05-15 19:22:31 --> CSRF token verified.
INFO - 2024-05-15 19:23:12 --> CSRF token verified.
INFO - 2024-05-15 19:23:29 --> Session: Class initialized using 'CodeIgniter\Session\Handlers\FileHandler' driver.
INFO - 2024-05-15 19:23:36 --> CSRF token verified.
INFO - 2024-05-15 19:23:38 --> Session: Class initialized using 'CodeIgniter\Session\Handlers\FileHandler' driver.
INFO - 2024-05-15 19:23:45 --> CSRF token verified.
INFO - 2024-05-15 19:24:01 --> CSRF token verified.
INFO - 2024-05-15 19:25:41 --> Session: Class initialized using 'CodeIgniter\Session\Handlers\FileHandler' driver.
INFO - 2024-05-15 19:25:52 --> CSRF token verified.
INFO - 2024-05-15 19:26:02 --> CSRF token verified.
INFO - 2024-05-15 19:26:11 --> Session: Class initialized using 'CodeIgniter\Session\Handlers\FileHandler' driver.
INFO - 2024-05-15 19:26:21 --> CSRF token verified.
INFO - 2024-05-15 19:26:32 --> CSRF token verified.
